2026-05-24 22:41:38.153 [INFO] Turn 1 started — pressure=30.0 legitimacy=60.0 resources=70.0
2026-05-24 22:41:38.160 [INFO] Turn 1 ended — action=write_manifesto
2026-05-24 22:41:38.161 [INFO] Turn 2 started — pressure=33.7 legitimacy=58.5 resources=69.8
2026-05-24 22:41:38.164 [INFO] Turn 2 ended — action=ritualize
2026-05-24 22:41:38.164 [INFO] Turn 3 started — pressure=30.0 legitimacy=58.1 resources=70.3
2026-05-24 22:41:38.169 [INFO] Turn 3 ended — action=found_circle
2026-05-24 22:41:38.169 [INFO] Turn 4 started — pressure=32.6 legitimacy=55.8 resources=70.3
2026-05-24 22:41:38.172 [INFO] Turn 4 ended — action=propagate_idea
2026-05-24 22:41:38.172 [INFO] Turn 5 started — pressure=37.2 legitimacy=54.6 resources=70.6
2026-05-24 22:41:48.270 [INFO] Turn 5 ended — action=write_manifesto
2026-05-24 22:41:48.270 [INFO] Turn 6 started — pressure=38.8 legitimacy=53.4 resources=71.1
2026-05-24 22:41:48.276 [INFO] Turn 6 ended — action=ritualize
2026-05-24 22:41:48.276 [INFO] Turn 7 started — pressure=36.2 legitimacy=52.2 resources=71.4
2026-05-24 22:41:48.282 [INFO] Turn 7 ended — action=found_circle
2026-05-24 22:41:48.283 [INFO] Turn 8 started — pressure=38.6 legitimacy=49.7 resources=72.2
2026-05-24 22:41:48.287 [INFO] Turn 8 ended — action=propagate_idea
2026-05-24 22:41:48.287 [INFO] Turn 9 started — pressure=43.5 legitimacy=48.7 resources=71.8
2026-05-24 22:41:48.292 [INFO] Turn 9 ended — action=join_circle
2026-05-24 22:41:48.292 [INFO] Turn 10 started — pressure=45.4 legitimacy=48.8 resources=71.1
2026-05-24 22:41:59.027 [INFO] Turn 10 ended — action=talk
